<?xml version="1.0" encoding="UTF-8"?>
<testng-results ignored="0" total="3" passed="3" failed="0" skipped="0">
  <reporter-output>
  </reporter-output>
  <suite started-at="2022-09-28T20:35:09 IST" name="TestNGDemo" finished-at="2022-09-28T20:35:09 IST" duration-ms="63">
    <groups>
    </groups>
    <test started-at="2022-09-28T20:35:09 IST" name="Command line test" finished-at="2022-09-28T20:35:09 IST" duration-ms="63">
      <class name="TestNGDemo">
        <test-method signature="a()[pri:0, instance:TestNGDemo@551bdc27]" started-at="2022-09-28T20:35:09 IST" name="a" finished-at="2022-09-28T20:35:09 IST" duration-ms="6" status="PASS">
          <reporter-output>
          </reporter-output>
        </test-method> <!-- a -->
        <test-method signature="b()[pri:0, instance:TestNGDemo@551bdc27]" started-at="2022-09-28T20:35:09 IST" name="b" finished-at="2022-09-28T20:35:09 IST" duration-ms="2" status="PASS">
          <reporter-output>
          </reporter-output>
        </test-method> <!-- b -->
        <test-method signature="c()[pri:0, instance:TestNGDemo@551bdc27]" started-at="2022-09-28T20:35:09 IST" name="c" finished-at="2022-09-28T20:35:09 IST" duration-ms="2" status="PASS">
          <reporter-output>
          </reporter-output>
        </test-method> <!-- c -->
      </class> <!-- TestNGDemo -->
    </test> <!-- Command line test -->
  </suite> <!-- TestNGDemo -->
</testng-results>
